Building DAG of jobs...
Using shell: /bin/bash
Provided cores: 1 (use --cores to define parallelism)
Rules claiming more threads will be scaled down.
Job counts:
	count	jobs
	2	bwa_map
	2
Select jobs to execute...

[Tue Mar  2 16:41:56 2021]
rule bwa_map:
    input: data/genome.fa, data/samples/A.fastq
    output: mapped_reads/A.bam
    jobid: 1
    wildcards: sample=A

[Tue Mar  2 16:41:57 2021]
Finished job 1.
1 of 2 steps (50%) done
Select jobs to execute...

[Tue Mar  2 16:41:57 2021]
rule bwa_map:
    input: data/genome.fa, data/samples/B.fastq
    output: mapped_reads/B.bam
    jobid: 0
    wildcards: sample=B

[Tue Mar  2 16:41:58 2021]
Finished job 0.
2 of 2 steps (100%) done
Complete log: /Users/woosubkim/Documents/workspace/snakemake-tutorial/.snakemake/log/2021-03-02T164156.425602.snakemake.log
