Building DAG of jobs...
Using shell: /bin/bash
Provided cores: 1 (use --cores to define parallelism)
Rules claiming more threads will be scaled down.
Job counts:
	count	jobs
	2	bwa_map
	2	samtools_sort
	4
Select jobs to execute...

[Tue Mar  2 16:59:27 2021]
rule bwa_map:
    input: data/genome.fa, data/samples/B.fastq
    output: mapped_reads/B.bam
    jobid: 0
    wildcards: sample=B

[Tue Mar  2 16:59:28 2021]
Finished job 0.
1 of 4 steps (25%) done
Select jobs to execute...

[Tue Mar  2 16:59:28 2021]
rule samtools_sort:
    input: mapped_reads/B.bam
    output: sorted_reads/B.bam
    jobid: 1
    wildcards: sample=B

[Tue Mar  2 16:59:28 2021]
Finished job 1.
2 of 4 steps (50%) done
Select jobs to execute...

[Tue Mar  2 16:59:28 2021]
rule bwa_map:
    input: data/genome.fa, data/samples/A.fastq
    output: mapped_reads/A.bam
    jobid: 3
    wildcards: sample=A

[Tue Mar  2 16:59:29 2021]
Finished job 3.
3 of 4 steps (75%) done
Select jobs to execute...

[Tue Mar  2 16:59:29 2021]
rule samtools_sort:
    input: mapped_reads/A.bam
    output: sorted_reads/A.bam
    jobid: 2
    wildcards: sample=A

[Tue Mar  2 16:59:29 2021]
Finished job 2.
4 of 4 steps (100%) done
Complete log: /Users/woosubkim/Documents/workspace/snakemake-tutorial/.snakemake/log/2021-03-02T165927.382588.snakemake.log
