Building DAG of jobs...
Using shell: /bin/bash
Provided cores: 1 (use --cores to define parallelism)
Rules claiming more threads will be scaled down.
Job counts:
	count	jobs
	1	bcftools_call
	2	bwa_map
	2	samtools_index
	2	samtools_sort
	7
Select jobs to execute...

[Tue Mar  2 18:27:44 2021]
rule bwa_map:
    input: data/genome.fa, data/samples/A.fastq
    output: mapped_reads/A.bam
    jobid: 1
    wildcards: sample=A

[Tue Mar  2 18:27:45 2021]
Finished job 1.
1 of 7 steps (14%) done
Select jobs to execute...

[Tue Mar  2 18:27:45 2021]
rule samtools_sort:
    input: mapped_reads/A.bam
    output: sorted_reads/A.bam
    jobid: 0
    wildcards: sample=A

[Tue Mar  2 18:27:46 2021]
Finished job 0.
2 of 7 steps (29%) done
Select jobs to execute...

[Tue Mar  2 18:27:46 2021]
rule samtools_index:
    input: sorted_reads/A.bam
    output: sorted_reads/A.bam.bai
    jobid: 2
    wildcards: sample=A

[Tue Mar  2 18:27:46 2021]
Finished job 2.
3 of 7 steps (43%) done
Select jobs to execute...

[Tue Mar  2 18:27:46 2021]
rule bwa_map:
    input: data/genome.fa, data/samples/B.fastq
    output: mapped_reads/B.bam
    jobid: 5
    wildcards: sample=B

[Tue Mar  2 18:27:47 2021]
Finished job 5.
4 of 7 steps (57%) done
Select jobs to execute...

[Tue Mar  2 18:27:47 2021]
rule samtools_sort:
    input: mapped_reads/B.bam
    output: sorted_reads/B.bam
    jobid: 4
    wildcards: sample=B

[Tue Mar  2 18:27:47 2021]
Finished job 4.
5 of 7 steps (71%) done
Select jobs to execute...

[Tue Mar  2 18:27:47 2021]
rule samtools_index:
    input: sorted_reads/B.bam
    output: sorted_reads/B.bam.bai
    jobid: 3
    wildcards: sample=B

[Tue Mar  2 18:27:47 2021]
Finished job 3.
6 of 7 steps (86%) done
Select jobs to execute...

[Tue Mar  2 18:27:47 2021]
rule bcftools_call:
    input: data/genome.fa, sorted_reads/A.bam, sorted_reads/B.bam
    output: calls/all.vcf
    jobid: 6

[Tue Mar  2 18:27:47 2021]
Finished job 6.
7 of 7 steps (100%) done
Complete log: /Users/woosubkim/Documents/workspace/snakemake-tutorial/.snakemake/log/2021-03-02T182744.632676.snakemake.log
