Building DAG of jobs...
Using shell: /bin/bash
Provided cores: 1 (use --cores to define parallelism)
Rules claiming more threads will be scaled down.
Job counts:
	count	jobs
	1	bcftools_call
	2	bwa_map
	1	plot_quals
	2	samtools_index
	2	samtools_sort
	8
Select jobs to execute...

[Tue Mar  2 18:30:25 2021]
rule bwa_map:
    input: data/genome.fa, data/samples/A.fastq
    output: mapped_reads/A.bam
    jobid: 2
    wildcards: sample=A

[Tue Mar  2 18:30:26 2021]
Finished job 2.
1 of 8 steps (12%) done
Select jobs to execute...

[Tue Mar  2 18:30:26 2021]
rule bwa_map:
    input: data/genome.fa, data/samples/B.fastq
    output: mapped_reads/B.bam
    jobid: 3
    wildcards: sample=B

[Tue Mar  2 18:30:27 2021]
Finished job 3.
2 of 8 steps (25%) done
Select jobs to execute...

[Tue Mar  2 18:30:27 2021]
rule samtools_sort:
    input: mapped_reads/A.bam
    output: sorted_reads/A.bam
    jobid: 1
    wildcards: sample=A

[Tue Mar  2 18:30:27 2021]
Finished job 1.
3 of 8 steps (38%) done
Select jobs to execute...

[Tue Mar  2 18:30:27 2021]
rule samtools_index:
    input: sorted_reads/A.bam
    output: sorted_reads/A.bam.bai
    jobid: 0
    wildcards: sample=A

[Tue Mar  2 18:30:27 2021]
Finished job 0.
4 of 8 steps (50%) done
Select jobs to execute...

[Tue Mar  2 18:30:27 2021]
rule samtools_sort:
    input: mapped_reads/B.bam
    output: sorted_reads/B.bam
    jobid: 4
    wildcards: sample=B

[Tue Mar  2 18:30:27 2021]
Finished job 4.
5 of 8 steps (62%) done
Select jobs to execute...

[Tue Mar  2 18:30:27 2021]
rule bcftools_call:
    input: data/genome.fa, sorted_reads/A.bam, sorted_reads/B.bam
    output: calls/all.vcf
    jobid: 6

[Tue Mar  2 18:30:28 2021]
Finished job 6.
6 of 8 steps (75%) done
Select jobs to execute...

[Tue Mar  2 18:30:28 2021]
rule plot_quals:
    input: calls/all.vcf
    output: plots/quals.svg
    jobid: 5

[Tue Mar  2 18:30:29 2021]
Finished job 5.
7 of 8 steps (88%) done
Select jobs to execute...

[Tue Mar  2 18:30:29 2021]
rule samtools_index:
    input: sorted_reads/B.bam
    output: sorted_reads/B.bam.bai
    jobid: 7
    wildcards: sample=B

[Tue Mar  2 18:30:29 2021]
Finished job 7.
8 of 8 steps (100%) done
Complete log: /Users/woosubkim/Documents/workspace/snakemake-tutorial/.snakemake/log/2021-03-02T183025.320672.snakemake.log
