Building DAG of jobs...
Using shell: /bin/bash
Provided cores: 1 (use --cores to define parallelism)
Rules claiming more threads will be scaled down.
Job counts:
	count	jobs
	2	bwa_map
	2	samtools_index
	2	samtools_sort
	6
Select jobs to execute...

[Tue Mar  2 18:22:45 2021]
rule bwa_map:
    input: data/genome.fa, data/samples/A.fastq
    output: mapped_reads/A.bam
    jobid: 2
    wildcards: sample=A

[Tue Mar  2 18:22:46 2021]
Finished job 2.
1 of 6 steps (17%) done
Select jobs to execute...

[Tue Mar  2 18:22:46 2021]
rule samtools_sort:
    input: mapped_reads/A.bam
    output: sorted_reads/A.bam
    jobid: 1
    wildcards: sample=A

[Tue Mar  2 18:22:46 2021]
Finished job 1.
2 of 6 steps (33%) done
Select jobs to execute...

[Tue Mar  2 18:22:46 2021]
rule samtools_index:
    input: sorted_reads/A.bam
    output: sorted_reads/A.bam.bai
    jobid: 0
    wildcards: sample=A

[Tue Mar  2 18:22:46 2021]
Finished job 0.
3 of 6 steps (50%) done
Select jobs to execute...

[Tue Mar  2 18:22:46 2021]
rule bwa_map:
    input: data/genome.fa, data/samples/B.fastq
    output: mapped_reads/B.bam
    jobid: 4
    wildcards: sample=B

[Tue Mar  2 18:22:47 2021]
Finished job 4.
4 of 6 steps (67%) done
Select jobs to execute...

[Tue Mar  2 18:22:47 2021]
rule samtools_sort:
    input: mapped_reads/B.bam
    output: sorted_reads/B.bam
    jobid: 3
    wildcards: sample=B

[Tue Mar  2 18:22:47 2021]
Finished job 3.
5 of 6 steps (83%) done
Select jobs to execute...

[Tue Mar  2 18:22:47 2021]
rule samtools_index:
    input: sorted_reads/B.bam
    output: sorted_reads/B.bam.bai
    jobid: 5
    wildcards: sample=B

[Tue Mar  2 18:22:47 2021]
Finished job 5.
6 of 6 steps (100%) done
Complete log: /Users/woosubkim/Documents/workspace/snakemake-tutorial/.snakemake/log/2021-03-02T182245.177487.snakemake.log
